<?xml version="1.0" encoding="UTF-8"?>
<!-- Generated by org.testng.reporters.JUnitXMLReporter -->
<testsuite ignored="4" hostname="DESKTOP-3AC9SMD" failures="1" tests="2" name="Test(failed)" time="0.232" errors="0" timestamp="2023-12-05T12:03:33 IST">
  <testcase classname="TestNG.Failed_xml2" name="TC5" time="0.026"/>
  <testcase classname="TestNG.Failed_xml1" name="TC2" time="0.05">
    <failure type="java.lang.AssertionError" message="Failed:Both results are different expected [abc] but found [xyz]">
      <![CDATA[java.lang.AssertionError: Failed:Both results are different expected [abc] but found [xyz]
at TestNG.Failed_xml1.TC2(Failed_xml1.java:20)
at java.base/java.util.ArrayList.forEach(ArrayList.java:1541)
... Removed 32 stack frames]]>
    </failure>
  </testcase> <!-- TC2 -->
  <testcase classname="TestNG.Failed_xml2" name="TC4" time="0.0">
    <ignored/>
  </testcase> <!-- TC4 -->
  <testcase classname="TestNG.Failed_xml1" name="TC3" time="0.0">
    <ignored/>
  </testcase> <!-- TC3 -->
  <testcase classname="TestNG.Failed_xml1" name="TC1" time="0.0">
    <ignored/>
  </testcase> <!-- TC1 -->
  <testcase classname="TestNG.Failed_xml2" name="TC6" time="0.0">
    <ignored/>
  </testcase> <!-- TC6 -->
</testsuite> <!-- Test(failed) -->
