<?xml version="1.0" encoding="UTF-8"?>
<testng-results ignored="0" total="1" passed="1" failed="0" skipped="0">
  <reporter-output>
  </reporter-output>
  <suite started-at="2023-12-07T15:20:43 IST" name="Default suite" finished-at="2023-12-07T15:21:43 IST" duration-ms="59234">
    <groups>
    </groups>
    <test started-at="2023-12-07T15:20:43 IST" name="Default test" finished-at="2023-12-07T15:21:43 IST" duration-ms="59234">
      <class name="POM_DDF_TestNG_BaseClass_UtilityClass_FailedTC_PropertyFile.SwagLabsLoginTest">
        <test-method is-config="true" signature="OpenBrowser()[pri:0, instance:POM_DDF_TestNG_BaseClass_UtilityClass_FailedTC_PropertyFile.SwagLabsLoginTest@4d15107f]" started-at="2023-12-07T15:20:43 IST" name="OpenBrowser" finished-at="2023-12-07T15:21:20 IST" duration-ms="36572" status="PASS">
          <reporter-output>
          </reporter-output>
        </test-method> <!-- OpenBrowser -->
        <test-method is-config="true" signature="LoginToApp()[pri:0, instance:POM_DDF_TestNG_BaseClass_UtilityClass_FailedTC_PropertyFile.SwagLabsLoginTest@4d15107f]" started-at="2023-12-07T15:21:20 IST" name="LoginToApp" finished-at="2023-12-07T15:21:34 IST" duration-ms="14237" status="PASS">
          <reporter-output>
          </reporter-output>
        </test-method> <!-- LoginToApp -->
        <test-method signature="VerifyTitle()[pri:0, instance:POM_DDF_TestNG_BaseClass_UtilityClass_FailedTC_PropertyFile.SwagLabsLoginTest@4d15107f]" started-at="2023-12-07T15:21:34 IST" name="VerifyTitle" finished-at="2023-12-07T15:21:41 IST" duration-ms="6907" status="PASS">
          <reporter-output>
          </reporter-output>
        </test-method> <!-- VerifyTitle -->
        <test-method is-config="true" signature="LogoutFromApp(org.testng.ITestResult)[pri:0, instance:POM_DDF_TestNG_BaseClass_UtilityClass_FailedTC_PropertyFile.SwagLabsLoginTest@4d15107f]" started-at="2023-12-07T15:21:41 IST" name="LogoutFromApp" finished-at="2023-12-07T15:21:42 IST" duration-ms="458" status="PASS">
          <params>
            <param index="0">
              <value>
                <![CDATA[[TestResult name=VerifyTitle status=SUCCESS method=SwagLabsLoginTest.VerifyTitle()[pri:0, instance:POM_DDF_TestNG_BaseClass_UtilityClass_FailedTC_PropertyFile.SwagLabsLoginTest@4d15107f] output={null}]]]>
              </value>
            </param>
          </params>
          <reporter-output>
          </reporter-output>
        </test-method> <!-- LogoutFromApp -->
        <test-method is-config="true" signature="CloseBrowser()[pri:0, instance:POM_DDF_TestNG_BaseClass_UtilityClass_FailedTC_PropertyFile.SwagLabsLoginTest@4d15107f]" started-at="2023-12-07T15:21:42 IST" name="CloseBrowser" finished-at="2023-12-07T15:21:43 IST" duration-ms="930" status="PASS">
          <reporter-output>
          </reporter-output>
        </test-method> <!-- CloseBrowser -->
      </class> <!-- POM_DDF_TestNG_BaseClass_UtilityClass_FailedTC_PropertyFile.SwagLabsLoginTest -->
    </test> <!-- Default test -->
  </suite> <!-- Default suite -->
</testng-results>
